# JRE version: Java(TM) SE Runtime Environment (8.0_05-b13) (build 1.8.0_05-b13)
# Java VM: Java HotSpot(TM) 64-Bit Server VM (25.5-b02 mixed mode windows-amd64 compressed oops)
Heap:
 def new generation   total 1152K, used 566K [0x00000000a2400000, 0x00000000a2540000, 0x00000000c1800000)
  eden space 1024K,  47% used [0x00000000a2400000, 0x00000000a247a9e0, 0x00000000a2500000)
  from space 128K,  59% used [0x00000000a2500000, 0x00000000a2512f28, 0x00000000a2520000)
  to   space 128K,   0% used [0x00000000a2520000, 0x00000000a2520000, 0x00000000a2540000)
 tenured generation   total 129792K, used 4737K [0x00000000c1800000, 0x00000000c96c0000, 0x0000000100000000)
   the space 129792K,   3% used [0x00000000c1800000, 0x00000000c1ca0550, 0x00000000c1ca0600, 0x00000000c96c0000)
 Metaspace       used 9167K, capacity 9322K, committed 9472K, reserved 1056768K
  class space    used 1113K, capacity 1161K, committed 1280K, reserved 1048576K
GC Heap History (10 events):
Event: 1.287 GC heap before
{Heap before GC invocations=37 (full 0):
 def new generation   total 1152K, used 1151K [0x00000000a2400000, 0x00000000a2540000, 0x00000000c1800000)
  eden space 1024K, 100% used [0x00000000a2400000, 0x00000000a2500000, 0x00000000a2500000)
  from space 128K,  99% used [0x00000000a2520000, 0x00000000a253fff0, 0x00000000a2540000)
  to   space 128K,   0% used [0x00000000a2500000, 0x00000000a2500000, 0x00000000a2520000)
 tenured generation   total 129792K, used 4347K [0x00000000c1800000, 0x00000000c96c0000, 0x0000000100000000)
   the space 129792K,   3% used [0x00000000c1800000, 0x00000000c1c3ef08, 0x00000000c1c3f000, 0x00000000c96c0000)
 Metaspace       used 8592K, capacity 8780K, committed 9088K, reserved 1056768K
  class space    used 1027K, capacity 1092K, committed 1152K, reserved 1048576K
Event: 1.289 GC heap after
Heap after GC invocations=38 (full 0):
 def new generation   total 1152K, used 125K [0x00000000a2400000, 0x00000000a2540000, 0x00000000c1800000)
  eden space 1024K,   0% used [0x00000000a2400000, 0x00000000a2400000, 0x00000000a2500000)
  from space 128K,  98% used [0x00000000a2500000, 0x00000000a251f700, 0x00000000a2520000)
  to   space 128K,   0% used [0x00000000a2520000, 0x00000000a2520000, 0x00000000a2540000)
 tenured generation   total 129792K, used 4428K [0x00000000c1800000, 0x00000000c96c0000, 0x0000000100000000)
   the space 129792K,   3% used [0x00000000c1800000, 0x00000000c1c53368, 0x00000000c1c53400, 0x00000000c96c0000)
 Metaspace       used 8592K, capacity 8780K, committed 9088K, reserved 1056768K
  class space    used 1027K, capacity 1092K, committed 1152K, reserved 1048576K
}
Event: 1.317 GC heap before
{Heap before GC invocations=38 (full 0):
 def new generation   total 1152K, used 1149K [0x00000000a2400000, 0x00000000a2540000, 0x00000000c1800000)
  eden space 1024K, 100% used [0x00000000a2400000, 0x00000000a2500000, 0x00000000a2500000)
  from space 128K,  98% used [0x00000000a2500000, 0x00000000a251f700, 0x00000000a2520000)
  to   space 128K,   0% used [0x00000000a2520000, 0x00000000a2520000, 0x00000000a2540000)
 tenured generation   total 129792K, used 4428K [0x00000000c1800000, 0x00000000c96c0000, 0x0000000100000000)
   the space 129792K,   3% used [0x00000000c1800000, 0x00000000c1c53368, 0x00000000c1c53400, 0x00000000c96c0000)
 Metaspace       used 8794K, capacity 9016K, committed 9088K, reserved 1056768K
  class space    used 1049K, capacity 1126K, committed 1152K, reserved 1048576K
Event: 1.319 GC heap after
Heap after GC invocations=39 (full 0):
 def new generation   total 1152K, used 127K [0x00000000a2400000, 0x00000000a2540000, 0x00000000c1800000)
  eden space 1024K,   0% used [0x00000000a2400000, 0x00000000a2400000, 0x00000000a2500000)
  from space 128K,  99% used [0x00000000a2520000, 0x00000000a253fef0, 0x00000000a2540000)
  to   space 128K,   0% used [0x00000000a2500000, 0x00000000a2500000, 0x00000000a2520000)
 tenured generation   total 129792K, used 4545K [0x00000000c1800000, 0x00000000c96c0000, 0x0000000100000000)
   the space 129792K,   3% used [0x00000000c1800000, 0x00000000c1c70480, 0x00000000c1c70600, 0x00000000c96c0000)
 Metaspace       used 8794K, capacity 9016K, committed 9088K, reserved 1056768K
  class space    used 1049K, capacity 1126K, committed 1152K, reserved 1048576K
}
Event: 1.334 GC heap before
{Heap before GC invocations=39 (full 0):
 def new generation   total 1152K, used 1151K [0x00000000a2400000, 0x00000000a2540000, 0x00000000c1800000)
  eden space 1024K, 100% used [0x00000000a2400000, 0x00000000a2500000, 0x00000000a2500000)
  from space 128K,  99% used [0x00000000a2520000, 0x00000000a253fef0, 0x00000000a2540000)
  to   space 128K,   0% used [0x00000000a2500000, 0x00000000a2500000, 0x00000000a2520000)
 tenured generation   total 129792K, used 4545K [0x00000000c1800000, 0x00000000c96c0000, 0x0000000100000000)
   the space 129792K,   3% used [0x00000000c1800000, 0x00000000c1c70480, 0x00000000c1c70600, 0x00000000c96c0000)
 Metaspace       used 8912K, capacity 9144K, committed 9344K, reserved 1056768K
  class space    used 1069K, capacity 1126K, committed 1152K, reserved 1048576K
Event: 1.336 GC heap after
Heap after GC invocations=40 (full 0):
 def new generation   total 1152K, used 126K [0x00000000a2400000, 0x00000000a2540000, 0x00000000c1800000)
  eden space 1024K,   0% used [0x00000000a2400000, 0x00000000a2400000, 0x00000000a2500000)
  from space 128K,  99% used [0x00000000a2500000, 0x00000000a251fb90, 0x00000000a2520000)
  to   space 128K,   0% used [0x00000000a2520000, 0x00000000a2520000, 0x00000000a2540000)
 tenured generation   total 129792K, used 4632K [0x00000000c1800000, 0x00000000c96c0000, 0x0000000100000000)
   the space 129792K,   3% used [0x00000000c1800000, 0x00000000c1c86360, 0x00000000c1c86400, 0x00000000c96c0000)
 Metaspace       used 8912K, capacity 9144K, committed 9344K, reserved 1056768K
  class space    used 1069K, capacity 1126K, committed 1152K, reserved 1048576K
}
Event: 1.363 GC heap before
{Heap before GC invocations=40 (full 0):
 def new generation   total 1152K, used 1150K [0x00000000a2400000, 0x00000000a2540000, 0x00000000c1800000)
  eden space 1024K, 100% used [0x00000000a2400000, 0x00000000a2500000, 0x00000000a2500000)
  from space 128K,  99% used [0x00000000a2500000, 0x00000000a251fb90, 0x00000000a2520000)
  to   space 128K,   0% used [0x00000000a2520000, 0x00000000a2520000, 0x00000000a2540000)
 tenured generation   total 129792K, used 4632K [0x00000000c1800000, 0x00000000c96c0000, 0x0000000100000000)
   the space 129792K,   3% used [0x00000000c1800000, 0x00000000c1c86360, 0x00000000c1c86400, 0x00000000c96c0000)
 Metaspace       used 9061K, capacity 9240K, committed 9472K, reserved 1056768K
  class space    used 1091K, capacity 1158K, committed 1280K, reserved 1048576K
Event: 1.364 GC heap after
Heap after GC invocations=41 (full 0):
 def new generation   total 1152K, used 127K [0x00000000a2400000, 0x00000000a2540000, 0x00000000c1800000)
  eden space 1024K,   0% used [0x00000000a2400000, 0x00000000a2400000, 0x00000000a2500000)
  from space 128K,  99% used [0x00000000a2520000, 0x00000000a253ff48, 0x00000000a2540000)
  to   space 128K,   0% used [0x00000000a2500000, 0x00000000a2500000, 0x00000000a2520000)
 tenured generation   total 129792K, used 4686K [0x00000000c1800000, 0x00000000c96c0000, 0x0000000100000000)
   the space 129792K,   3% used [0x00000000c1800000, 0x00000000c1c939f8, 0x00000000c1c93a00, 0x00000000c96c0000)
 Metaspace       used 9061K, capacity 9240K, committed 9472K, reserved 1056768K
  class space    used 1091K, capacity 1158K, committed 1280K, reserved 1048576K
}
Event: 1.384 GC heap before
{Heap before GC invocations=41 (full 0):
 def new generation   total 1152K, used 1151K [0x00000000a2400000, 0x00000000a2540000, 0x00000000c1800000)
  eden space 1024K, 100% used [0x00000000a2400000, 0x00000000a2500000, 0x00000000a2500000)
  from space 128K,  99% used [0x00000000a2520000, 0x00000000a253ff48, 0x00000000a2540000)
  to   space 128K,   0% used [0x00000000a2500000, 0x00000000a2500000, 0x00000000a2520000)
 tenured generation   total 129792K, used 4686K [0x00000000c1800000, 0x00000000c96c0000, 0x0000000100000000)
   the space 129792K,   3% used [0x00000000c1800000, 0x00000000c1c939f8, 0x00000000c1c93a00, 0x00000000c96c0000)
 Metaspace       used 9111K, capacity 9310K, committed 9472K, reserved 1056768K
  class space    used 1103K, capacity 1159K, committed 1280K, reserved 1048576K
Event: 1.385 GC heap after
Heap after GC invocations=42 (full 0):
 def new generation   total 1152K, used 75K [0x00000000a2400000, 0x00000000a2540000, 0x00000000c1800000)
  eden space 1024K,   0% used [0x00000000a2400000, 0x00000000a2400000, 0x00000000a2500000)
  from space 128K,  59% used [0x00000000a2500000, 0x00000000a2512f28, 0x00000000a2520000)
  to   space 128K,   0% used [0x00000000a2520000, 0x00000000a2520000, 0x00000000a2540000)
 tenured generation   total 129792K, used 4737K [0x00000000c1800000, 0x00000000c96c0000, 0x0000000100000000)
   the space 129792K,   3% used [0x00000000c1800000, 0x00000000c1ca0550, 0x00000000c1ca0600, 0x00000000c96c0000)
 Metaspace       used 9111K, capacity 9310K, committed 9472K, reserved 1056768K
  class space    used 1103K, capacity 1159K, committed 1280K, reserved 1048576K
}

