# JRE version: Java(TM) SE Runtime Environment (8.0_05-b13) (build 1.8.0_05-b13)
# Java VM: Java HotSpot(TM) 64-Bit Server VM (25.5-b02 mixed mode windows-amd64 compressed oops)
Heap:
 def new generation   total 1152K, used 1023K [0x00000000a2400000, 0x00000000a2540000, 0x00000000c1800000)
  eden space 1024K,  87% used [0x00000000a2400000, 0x00000000a24dff28, 0x00000000a2500000)
  from space 128K, 100% used [0x00000000a2500000, 0x00000000a2520000, 0x00000000a2520000)
  to   space 128K,   0% used [0x00000000a2520000, 0x00000000a2520000, 0x00000000a2540000)
 tenured generation   total 129792K, used 46866K [0x00000000c1800000, 0x00000000c96c0000, 0x0000000100000000)
   the space 129792K,  36% used [0x00000000c1800000, 0x00000000c45c49f0, 0x00000000c45c4a00, 0x00000000c96c0000)
 Metaspace       used 12774K, capacity 13112K, committed 13312K, reserved 1060864K
  class space    used 1444K, capacity 1526K, committed 1536K, reserved 1048576K
GC Heap History (10 events):
Event: 8.030 GC heap before
{Heap before GC invocations=528 (full 0):
 def new generation   total 1152K, used 1136K [0x00000000a2400000, 0x00000000a2540000, 0x00000000c1800000)
  eden space 1024K, 100% used [0x00000000a2400000, 0x00000000a2500000, 0x00000000a2500000)
  from space 128K,  87% used [0x00000000a2500000, 0x00000000a251c000, 0x00000000a2520000)
  to   space 128K,   0% used [0x00000000a2520000, 0x00000000a2520000, 0x00000000a2540000)
 tenured generation   total 129792K, used 46360K [0x00000000c1800000, 0x00000000c96c0000, 0x0000000100000000)
   the space 129792K,  35% used [0x00000000c1800000, 0x00000000c45463d0, 0x00000000c4546400, 0x00000000c96c0000)
 Metaspace       used 12774K, capacity 13112K, committed 13312K, reserved 1060864K
  class space    used 1444K, capacity 1526K, committed 1536K, reserved 1048576K
Event: 8.032 GC heap after
Heap after GC invocations=529 (full 0):
 def new generation   total 1152K, used 125K [0x00000000a2400000, 0x00000000a2540000, 0x00000000c1800000)
  eden space 1024K,   0% used [0x00000000a2400000, 0x00000000a2400000, 0x00000000a2500000)
  from space 128K,  97% used [0x00000000a2520000, 0x00000000a253f408, 0x00000000a2540000)
  to   space 128K,   0% used [0x00000000a2500000, 0x00000000a2500000, 0x00000000a2520000)
 tenured generation   total 129792K, used 46421K [0x00000000c1800000, 0x00000000c96c0000, 0x0000000100000000)
   the space 129792K,  35% used [0x00000000c1800000, 0x00000000c4555430, 0x00000000c4555600, 0x00000000c96c0000)
 Metaspace       used 12774K, capacity 13112K, committed 13312K, reserved 1060864K
  class space    used 1444K, capacity 1526K, committed 1536K, reserved 1048576K
}
Event: 8.038 GC heap before
{Heap before GC invocations=529 (full 0):
 def new generation   total 1152K, used 1149K [0x00000000a2400000, 0x00000000a2540000, 0x00000000c1800000)
  eden space 1024K, 100% used [0x00000000a2400000, 0x00000000a2500000, 0x00000000a2500000)
  from space 128K,  97% used [0x00000000a2520000, 0x00000000a253f408, 0x00000000a2540000)
  to   space 128K,   0% used [0x00000000a2500000, 0x00000000a2500000, 0x00000000a2520000)
 tenured generation   total 129792K, used 46421K [0x00000000c1800000, 0x00000000c96c0000, 0x0000000100000000)
   the space 129792K,  35% used [0x00000000c1800000, 0x00000000c4555430, 0x00000000c4555600, 0x00000000c96c0000)
 Metaspace       used 12774K, capacity 13112K, committed 13312K, reserved 1060864K
  class space    used 1444K, capacity 1526K, committed 1536K, reserved 1048576K
Event: 8.040 GC heap after
Heap after GC invocations=530 (full 0):
 def new generation   total 1152K, used 69K [0x00000000a2400000, 0x00000000a2540000, 0x00000000c1800000)
  eden space 1024K,   0% used [0x00000000a2400000, 0x00000000a2400000, 0x00000000a2500000)
  from space 128K,  54% used [0x00000000a2500000, 0x00000000a25114c8, 0x00000000a2520000)
  to   space 128K,   0% used [0x00000000a2520000, 0x00000000a2520000, 0x00000000a2540000)
 tenured generation   total 129792K, used 46499K [0x00000000c1800000, 0x00000000c96c0000, 0x0000000100000000)
   the space 129792K,  35% used [0x00000000c1800000, 0x00000000c4568d48, 0x00000000c4568e00, 0x00000000c96c0000)
 Metaspace       used 12774K, capacity 13112K, committed 13312K, reserved 1060864K
  class space    used 1444K, capacity 1526K, committed 1536K, reserved 1048576K
}
Event: 8.049 GC heap before
{Heap before GC invocations=530 (full 0):
 def new generation   total 1152K, used 1093K [0x00000000a2400000, 0x00000000a2540000, 0x00000000c1800000)
  eden space 1024K, 100% used [0x00000000a2400000, 0x00000000a2500000, 0x00000000a2500000)
  from space 128K,  54% used [0x00000000a2500000, 0x00000000a25114c8, 0x00000000a2520000)
  to   space 128K,   0% used [0x00000000a2520000, 0x00000000a2520000, 0x00000000a2540000)
 tenured generation   total 129792K, used 46499K [0x00000000c1800000, 0x00000000c96c0000, 0x0000000100000000)
   the space 129792K,  35% used [0x00000000c1800000, 0x00000000c4568d48, 0x00000000c4568e00, 0x00000000c96c0000)
 Metaspace       used 12774K, capacity 13112K, committed 13312K, reserved 1060864K
  class space    used 1444K, capacity 1526K, committed 1536K, reserved 1048576K
Event: 8.051 GC heap after
Heap after GC invocations=531 (full 0):
 def new generation   total 1152K, used 127K [0x00000000a2400000, 0x00000000a2540000, 0x00000000c1800000)
  eden space 1024K,   0% used [0x00000000a2400000, 0x00000000a2400000, 0x00000000a2500000)
  from space 128K,  99% used [0x00000000a2520000, 0x00000000a253fff8, 0x00000000a2540000)
  to   space 128K,   0% used [0x00000000a2500000, 0x00000000a2500000, 0x00000000a2520000)
 tenured generation   total 129792K, used 46537K [0x00000000c1800000, 0x00000000c96c0000, 0x0000000100000000)
   the space 129792K,  35% used [0x00000000c1800000, 0x00000000c4572790, 0x00000000c4572800, 0x00000000c96c0000)
 Metaspace       used 12774K, capacity 13112K, committed 13312K, reserved 1060864K
  class space    used 1444K, capacity 1526K, committed 1536K, reserved 1048576K
}
Event: 8.059 GC heap before
{Heap before GC invocations=531 (full 0):
 def new generation   total 1152K, used 1151K [0x00000000a2400000, 0x00000000a2540000, 0x00000000c1800000)
  eden space 1024K, 100% used [0x00000000a2400000, 0x00000000a2500000, 0x00000000a2500000)
  from space 128K,  99% used [0x00000000a2520000, 0x00000000a253fff8, 0x00000000a2540000)
  to   space 128K,   0% used [0x00000000a2500000, 0x00000000a2500000, 0x00000000a2520000)
 tenured generation   total 129792K, used 46537K [0x00000000c1800000, 0x00000000c96c0000, 0x0000000100000000)
   the space 129792K,  35% used [0x00000000c1800000, 0x00000000c4572790, 0x00000000c4572800, 0x00000000c96c0000)
 Metaspace       used 12774K, capacity 13112K, committed 13312K, reserved 1060864K
  class space    used 1444K, capacity 1526K, committed 1536K, reserved 1048576K
Event: 8.061 GC heap after
Heap after GC invocations=532 (full 0):
 def new generation   total 1152K, used 107K [0x00000000a2400000, 0x00000000a2540000, 0x00000000c1800000)
  eden space 1024K,   0% used [0x00000000a2400000, 0x00000000a2400000, 0x00000000a2500000)
  from space 128K,  83% used [0x00000000a2500000, 0x00000000a251ac18, 0x00000000a2520000)
  to   space 128K,   0% used [0x00000000a2520000, 0x00000000a2520000, 0x00000000a2540000)
 tenured generation   total 129792K, used 46619K [0x00000000c1800000, 0x00000000c96c0000, 0x0000000100000000)
   the space 129792K,  35% used [0x00000000c1800000, 0x00000000c4586d78, 0x00000000c4586e00, 0x00000000c96c0000)
 Metaspace       used 12774K, capacity 13112K, committed 13312K, reserved 1060864K
  class space    used 1444K, capacity 1526K, committed 1536K, reserved 1048576K
}
Event: 8.067 GC heap before
{Heap before GC invocations=532 (full 0):
 def new generation   total 1152K, used 1131K [0x00000000a2400000, 0x00000000a2540000, 0x00000000c1800000)
  eden space 1024K, 100% used [0x00000000a2400000, 0x00000000a2500000, 0x00000000a2500000)
  from space 128K,  83% used [0x00000000a2500000, 0x00000000a251ac18, 0x00000000a2520000)
  to   space 128K,   0% used [0x00000000a2520000, 0x00000000a2520000, 0x00000000a2540000)
 tenured generation   total 129792K, used 46619K [0x00000000c1800000, 0x00000000c96c0000, 0x0000000100000000)
   the space 129792K,  35% used [0x00000000c1800000, 0x00000000c4586d78, 0x00000000c4586e00, 0x00000000c96c0000)
 Metaspace       used 12774K, capacity 13112K, committed 13312K, reserved 1060864K
  class space    used 1444K, capacity 1526K, committed 1536K, reserved 1048576K
Event: 8.069 GC heap after
Heap after GC invocations=533 (full 0):
 def new generation   total 1152K, used 83K [0x00000000a2400000, 0x00000000a2540000, 0x00000000c1800000)
  eden space 1024K,   0% used [0x00000000a2400000, 0x00000000a2400000, 0x00000000a2500000)
  from space 128K,  65% used [0x00000000a2520000, 0x00000000a2534ea0, 0x00000000a2540000)
  to   space 128K,   0% used [0x00000000a2500000, 0x00000000a2500000, 0x00000000a2520000)
 tenured generation   total 129792K, used 46669K [0x00000000c1800000, 0x00000000c96c0000, 0x0000000100000000)
   the space 129792K,  35% used [0x00000000c1800000, 0x00000000c4593598, 0x00000000c4593600, 0x00000000c96c0000)
 Metaspace       used 12774K, capacity 13112K, committed 13312K, reserved 1060864K
  class space    used 1444K, capacity 1526K, committed 1536K, reserved 1048576K
}

